c:\users\cqwuxiaolong\helloocct\build\helloocct.dir\debug\vc142.pdb
c:\users\cqwuxiaolong\helloocct\build\helloocct.dir\debug\qrc_androidqt.obj
c:\users\cqwuxiaolong\helloocct\build\helloocct.dir\debug\main.obj
c:\users\cqwuxiaolong\helloocct\build\helloocct.dir\debug\androidqt.obj
c:\users\cqwuxiaolong\helloocct\build\helloocct.dir\debug\androidqt_window.obj
c:\users\cqwuxiaolong\helloocct\build\helloocct.dir\debug\androidqt_touchparameters.obj
c:\users\cqwuxiaolong\helloocct\build\helloocct.dir\debug\mocs_compilation.obj
c:\users\cqwuxiaolong\helloocct\build\helloocct_autogen\uvladie3jm\qrc_androidqt.cpp
c:\users\cqwuxiaolong\helloocct\build\cmakefiles\generate.stamp
c:\users\cqwuxiaolong\helloocct\build\debug\helloocct.lib
c:\users\cqwuxiaolong\helloocct\build\debug\helloocct.exp
c:\users\cqwuxiaolong\helloocct\build\debug\helloocct.ilk
c:\users\cqwuxiaolong\helloocct\build\debug\helloocct.exe
c:\users\cqwuxiaolong\helloocct\build\debug\helloocct.pdb
c:\users\cqwuxiaolong\helloocct\build\helloocct.dir\debug\helloocct.tlog\cl.command.1.tlog
c:\users\cqwuxiaolong\helloocct\build\helloocct.dir\debug\helloocct.tlog\cl.read.1.tlog
c:\users\cqwuxiaolong\helloocct\build\helloocct.dir\debug\helloocct.tlog\cl.write.1.tlog
c:\users\cqwuxiaolong\helloocct\build\helloocct.dir\debug\helloocct.tlog\custombuild.command.1.tlog
c:\users\cqwuxiaolong\helloocct\build\helloocct.dir\debug\helloocct.tlog\custombuild.read.1.tlog
c:\users\cqwuxiaolong\helloocct\build\helloocct.dir\debug\helloocct.tlog\custombuild.write.1.tlog
c:\users\cqwuxiaolong\helloocct\build\helloocct.dir\debug\helloocct.tlog\helloocct.write.1u.tlog
c:\users\cqwuxiaolong\helloocct\build\helloocct.dir\debug\helloocct.tlog\link.command.1.tlog
c:\users\cqwuxiaolong\helloocct\build\helloocct.dir\debug\helloocct.tlog\link.read.1.tlog
c:\users\cqwuxiaolong\helloocct\build\helloocct.dir\debug\helloocct.tlog\link.write.1.tlog
